<?xml version="1.0" encoding="UTF-8"?>
<!-- Generated by org.testng.reporters.JUnitReportReporter -->
<testsuite skipped="0" hostname="Sanath-Compaq" name="copyMyFirstTest" tests="1" failures="0" timestamp="10 May 2018 12:36:26 GMT" time="46.265" errors="0">
  <testcase name="testHome" time="46.265" classname="copyMyFirstTest"/>
</testsuite> <!-- copyMyFirstTest -->
