<?xml version="1.0" encoding="UTF-8"?>
<!-- Generated by org.testng.reporters.JUnitReportReporter -->
<testsuite skipped="0" hostname="Sanath-Compaq" name="myFirstTest" tests="1" failures="0" timestamp="08 May 2018 14:34:33 GMT" time="46.360" errors="0">
  <testcase name="testHome" time="46.360" classname="myFirstTest"/>
</testsuite> <!-- myFirstTest -->
